<?xml version="1.0" encoding="UTF-8"?>
<testng-results ignored="0" total="2" passed="2" failed="0" skipped="0">
  <reporter-output>
  </reporter-output>
  <suite started-at="2024-05-30T14:05:52 IST" name="Suite" finished-at="2024-05-30T14:06:23 IST" duration-ms="31104">
    <groups>
    </groups>
    <test started-at="2024-05-30T14:05:52 IST" name="firefox" finished-at="2024-05-30T14:06:16 IST" duration-ms="24192">
      <class name="com.pos.testcases.CreateNewCutomer">
        <test-method is-config="true" signature="startReport()[pri:0, instance:com.pos.testcases.CreateNewCutomer@28dcca0c]" started-at="2024-05-30T14:05:51 IST" name="startReport" finished-at="2024-05-30T14:05:52 IST" duration-ms="805" status="PASS">
          <reporter-output>
          </reporter-output>
        </test-method> <!-- startReport -->
        <test-method is-config="true" signature="setValues()[pri:0, instance:com.pos.testcases.CreateNewCutomer@28dcca0c]" started-at="2024-05-30T14:05:52 IST" name="setValues" finished-at="2024-05-30T14:05:52 IST" duration-ms="0" status="PASS">
          <reporter-output>
          </reporter-output>
        </test-method> <!-- setValues -->
        <test-method is-config="true" signature="startTestCase()[pri:0, instance:com.pos.testcases.CreateNewCutomer@28dcca0c]" started-at="2024-05-30T14:05:52 IST" name="startTestCase" finished-at="2024-05-30T14:05:52 IST" duration-ms="14" status="PASS">
          <reporter-output>
          </reporter-output>
        </test-method> <!-- startTestCase -->
        <test-method is-config="true" signature="preCondition(java.lang.String)[pri:0, instance:com.pos.testcases.CreateNewCutomer@28dcca0c]" started-at="2024-05-30T14:05:54 IST" name="preCondition" finished-at="2024-05-30T14:06:00 IST" duration-ms="6490" status="PASS">
          <params>
            <param index="0">
              <value>
                <![CDATA[firefox]]>
              </value>
            </param>
          </params>
          <reporter-output>
          </reporter-output>
        </test-method> <!-- preCondition -->
        <test-method signature="runLogin(java.lang.String,java.lang.String,java.lang.String,java.lang.String,java.lang.String,java.lang.String)[pri:0, instance:com.pos.testcases.CreateNewCutomer@28dcca0c]" started-at="2024-05-30T14:06:00 IST" name="runLogin" data-provider="fetchData" finished-at="2024-05-30T14:06:15 IST" duration-ms="14988" status="PASS">
          <params>
            <param index="0">
              <value>
                <![CDATA[9976749433]]>
              </value>
            </param>
            <param index="1">
              <value>
                <![CDATA[Aravind]]>
              </value>
            </param>
            <param index="2">
              <value>
                <![CDATA[Selenium]]>
              </value>
            </param>
            <param index="3">
              <value>
                <![CDATA[Chennai]]>
              </value>
            </param>
            <param index="4">
              <value>
                <![CDATA[9976749433]]>
              </value>
            </param>
            <param index="5">
              <value>
                <![CDATA[aravind@gmail.com]]>
              </value>
            </param>
          </params>
          <reporter-output>
          </reporter-output>
        </test-method> <!-- runLogin -->
        <test-method is-config="true" signature="postCondition()[pri:0, instance:com.pos.testcases.CreateNewCutomer@28dcca0c]" started-at="2024-05-30T14:06:15 IST" name="postCondition" finished-at="2024-05-30T14:06:16 IST" duration-ms="823" status="PASS">
          <reporter-output>
          </reporter-output>
        </test-method> <!-- postCondition -->
        <test-method is-config="true" signature="endResult()[pri:0, instance:com.pos.testcases.CreateNewCutomer@28dcca0c]" started-at="2024-05-30T14:06:23 IST" name="endResult" finished-at="2024-05-30T14:06:23 IST" duration-ms="490" status="PASS">
          <reporter-output>
          </reporter-output>
        </test-method> <!-- endResult -->
      </class> <!-- com.pos.testcases.CreateNewCutomer -->
    </test> <!-- firefox -->
    <test started-at="2024-05-30T14:05:52 IST" name="chrome" finished-at="2024-05-30T14:06:23 IST" duration-ms="31104">
      <class name="com.pos.testcases.CreateNewVendor">
        <test-method is-config="true" signature="setValues()[pri:0, instance:com.pos.testcases.CreateNewVendor@6fa51cd4]" started-at="2024-05-30T14:05:52 IST" name="setValues" finished-at="2024-05-30T14:05:52 IST" duration-ms="0" status="PASS">
          <reporter-output>
          </reporter-output>
        </test-method> <!-- setValues -->
        <test-method is-config="true" signature="startTestCase()[pri:0, instance:com.pos.testcases.CreateNewVendor@6fa51cd4]" started-at="2024-05-30T14:05:52 IST" name="startTestCase" finished-at="2024-05-30T14:05:52 IST" duration-ms="14" status="PASS">
          <reporter-output>
          </reporter-output>
        </test-method> <!-- startTestCase -->
        <test-method is-config="true" signature="preCondition(java.lang.String)[pri:0, instance:com.pos.testcases.CreateNewVendor@6fa51cd4]" started-at="2024-05-30T14:05:54 IST" name="preCondition" finished-at="2024-05-30T14:05:59 IST" duration-ms="5011" status="PASS">
          <params>
            <param index="0">
              <value>
                <![CDATA[chrome]]>
              </value>
            </param>
          </params>
          <reporter-output>
          </reporter-output>
        </test-method> <!-- preCondition -->
        <test-method signature="runLogin(java.lang.String,java.lang.String,java.lang.String,java.lang.String,java.lang.String,java.lang.String)[pri:0, instance:com.pos.testcases.CreateNewVendor@6fa51cd4]" started-at="2024-05-30T14:05:59 IST" name="runLogin" data-provider="fetchData" finished-at="2024-05-30T14:06:23 IST" duration-ms="24068" status="PASS">
          <params>
            <param index="0">
              <value>
                <![CDATA[8220316109]]>
              </value>
            </param>
            <param index="1">
              <value>
                <![CDATA[Vinoth]]>
              </value>
            </param>
            <param index="2">
              <value>
                <![CDATA[Selenium]]>
              </value>
            </param>
            <param index="3">
              <value>
                <![CDATA[Chennai]]>
              </value>
            </param>
            <param index="4">
              <value>
                <![CDATA[8220316109]]>
              </value>
            </param>
            <param index="5">
              <value>
                <![CDATA[vinod@gmail.com]]>
              </value>
            </param>
          </params>
          <reporter-output>
          </reporter-output>
        </test-method> <!-- runLogin -->
        <test-method is-config="true" signature="postCondition()[pri:0, instance:com.pos.testcases.CreateNewVendor@6fa51cd4]" started-at="2024-05-30T14:06:23 IST" name="postCondition" finished-at="2024-05-30T14:06:23 IST" duration-ms="137" status="PASS">
          <reporter-output>
          </reporter-output>
        </test-method> <!-- postCondition -->
      </class> <!-- com.pos.testcases.CreateNewVendor -->
    </test> <!-- chrome -->
  </suite> <!-- Suite -->
</testng-results>
